0 info it worked if it ends with ok
1 verbose cli [ '/home/ubuntu/.nvm/versions/node/v6.3.0/bin/node',
1 verbose cli   '/home/ubuntu/.nvm/versions/node/v6.3.0/bin/npm',
1 verbose cli   'publish',
1 verbose cli   '--tag',
1 verbose cli   'beta' ]
2 info using npm@3.10.3
3 info using node@v6.3.0
4 verbose publish [ '.' ]
5 silly cache add args [ '.', null ]
6 verbose cache add spec .
7 silly cache add parsed spec Result {
7 silly cache add   raw: '.',
7 silly cache add   scope: null,
7 silly cache add   escapedName: null,
7 silly cache add   name: null,
7 silly cache add   rawSpec: '.',
7 silly cache add   spec: '/home/ubuntu/workspace',
7 silly cache add   type: 'directory' }
8 verbose addLocalDirectory /home/ubuntu/.npm/gg-entities/2.0.0-beta.5/package.tgz not in flight; packing
9 verbose correctMkdir /home/ubuntu/.npm correctMkdir not in flight; initializing
10 info lifecycle gg-entities@2.0.0-beta.5~prepublish: gg-entities@2.0.0-beta.5
11 verbose lifecycle gg-entities@2.0.0-beta.5~prepublish: unsafe-perm in lifecycle true
12 verbose lifecycle gg-entities@2.0.0-beta.5~prepublish: PATH: /home/ubuntu/.nvm/versions/node/v6.3.0/lib/node_modules/npm/bin/node-gyp-bin:/home/ubuntu/workspace/node_modules/.bin:/home/ubuntu/.nvm/versions/node/v6.3.0/bin:/home/ubuntu/.nvm/versions/node/v6.3.0/bin:/usr/local/rvm/gems/ruby-2.3.0/bin:/usr/local/rvm/gems/ruby-2.3.0@global/bin:/usr/local/rvm/rubies/ruby-2.3.0/bin:/mnt/shared/bin:/home/ubuntu/workspace/node_modules/.bin:/home/ubuntu/bin:/usr/local/sbin:/usr/local/bin:/usr/sbin:/usr/bin:/sbin:/bin:/mnt/shared/sbin:/opt/gitl:/opt/go/bin:/mnt/shared/c9/app.nw/bin:/usr/local/rvm/bin
13 verbose lifecycle gg-entities@2.0.0-beta.5~prepublish: CWD: /home/ubuntu/workspace
14 silly lifecycle gg-entities@2.0.0-beta.5~prepublish: Args: [ '-c',
14 silly lifecycle   'npm run lint && npm test && npm run build && npm run minify' ]
15 silly lifecycle gg-entities@2.0.0-beta.5~prepublish: Returned: code: 1  signal: null
16 info lifecycle gg-entities@2.0.0-beta.5~prepublish: Failed to exec prepublish script
17 error addLocal Could not install /home/ubuntu/workspace
18 verbose stack Error: gg-entities@2.0.0-beta.5 prepublish: `npm run lint && npm test && npm run build && npm run minify`
18 verbose stack Exit status 1
18 verbose stack     at EventEmitter.<anonymous> (/home/ubuntu/.nvm/versions/node/v6.3.0/lib/node_modules/npm/lib/utils/lifecycle.js:242:16)
18 verbose stack     at emitTwo (events.js:106:13)
18 verbose stack     at EventEmitter.emit (events.js:191:7)
18 verbose stack     at ChildProcess.<anonymous> (/home/ubuntu/.nvm/versions/node/v6.3.0/lib/node_modules/npm/lib/utils/spawn.js:40:14)
18 verbose stack     at emitTwo (events.js:106:13)
18 verbose stack     at ChildProcess.emit (events.js:191:7)
18 verbose stack     at maybeClose (internal/child_process.js:852:16)
18 verbose stack     at Process.ChildProcess._handle.onexit (internal/child_process.js:215:5)
19 verbose pkgid gg-entities@2.0.0-beta.5
20 verbose cwd /home/ubuntu/workspace
21 error Linux 4.2.0-c9
22 error argv "/home/ubuntu/.nvm/versions/node/v6.3.0/bin/node" "/home/ubuntu/.nvm/versions/node/v6.3.0/bin/npm" "publish" "--tag" "beta"
23 error node v6.3.0
24 error npm  v3.10.3
25 error code ELIFECYCLE
26 error gg-entities@2.0.0-beta.5 prepublish: `npm run lint && npm test && npm run build && npm run minify`
26 error Exit status 1
27 error Failed at the gg-entities@2.0.0-beta.5 prepublish script 'npm run lint && npm test && npm run build && npm run minify'.
27 error Make sure you have the latest version of node.js and npm installed.
27 error If you do, this is most likely a problem with the gg-entities package,
27 error not with npm itself.
27 error Tell the author that this fails on your system:
27 error     npm run lint && npm test && npm run build && npm run minify
27 error You can get information on how to open an issue for this project with:
27 error     npm bugs gg-entities
27 error Or if that isn't available, you can get their info via:
27 error     npm owner ls gg-entities
27 error There is likely additional logging output above.
28 verbose exit [ 1, true ]
